2020-02-26 00:59:42.780==[restartedMain]==INFO ==com.example.demo001.Demo001Application==Starting Demo001Application on DESKTOP-K1IDCJH with PID 9636 (G:\IdeaProjects\demo001\target\classes started by Pro in G:\IdeaProjects\demo001)
2020-02-26 00:59:42.792==[restartedMain]==DEBUG==com.example.demo001.Demo001Application==Running with Spring Boot v2.2.4.RELEASE, Spring v5.2.3.RELEASE
2020-02-26 00:59:42.793==[restartedMain]==INFO ==com.example.demo001.Demo001Application==No active profile set, falling back to default profiles: default
2020-02-26 00:59:42.918==[restartedMain]==INFO ==o.s.b.d.env.DevToolsPropertyDefaultsPostProcessor==Devtools property defaults active! Set 'spring.devtools.add-properties' to 'false' to disable
2020-02-26 00:59:42.919==[restartedMain]==INFO ==o.s.b.d.env.DevToolsPropertyDefaultsPostProcessor==For additional web related logging consider setting the 'logging.level.web' property to 'DEBUG'
2020-02-26 00:59:44.386==[restartedMain]==INFO ==o.s.boot.web.embedded.tomcat.TomcatWebServer==Tomcat initialized with port(s): 8086 (http)
2020-02-26 00:59:44.396==[restartedMain]==INFO ==org.apache.catalina.core.StandardService==Starting service [Tomcat]
2020-02-26 00:59:44.397==[restartedMain]==INFO ==org.apache.catalina.core.StandardEngine==Starting Servlet engine: [Apache Tomcat/9.0.30]
2020-02-26 00:59:44.400==[restartedMain]==INFO ==org.apache.catalina.core.AprLifecycleListener==Loaded APR based Apache Tomcat Native library [1.2.23] using APR version [1.7.0].
2020-02-26 00:59:44.400==[restartedMain]==INFO ==org.apache.catalina.core.AprLifecycleListener==APR capabilities: IPv6 [true], sendfile [true], accept filters [false], random [true].
2020-02-26 00:59:44.400==[restartedMain]==INFO ==org.apache.catalina.core.AprLifecycleListener==APR/OpenSSL configuration: useAprConnector [false], useOpenSSL [true]
2020-02-26 00:59:44.406==[restartedMain]==INFO ==org.apache.catalina.core.AprLifecycleListener==OpenSSL successfully initialized [OpenSSL 1.1.1c  28 May 2019]
2020-02-26 00:59:44.673==[restartedMain]==INFO ==o.a.c.c.ContainerBase.[Tomcat].[localhost].[/boot]==Initializing Spring embedded WebApplicationContext
2020-02-26 00:59:44.674==[restartedMain]==INFO ==org.springframework.web.context.ContextLoader==Root WebApplicationContext: initialization completed in 1754 ms
2020-02-26 00:59:44.896==[restartedMain]==INFO ==o.s.b.f.a.AutowiredAnnotationBeanPostProcessor==Autowired annotation should only be used on methods with parameters: public void com.example.demo001.Demo001Application.contextLoads2()
2020-02-26 00:59:44.901==[restartedMain]==TRACE==c.e.d.Demo001Application$$EnhancerBySpringCGLIB$$9a62a73d==trace日志
2020-02-26 00:59:44.902==[restartedMain]==DEBUG==c.e.d.Demo001Application$$EnhancerBySpringCGLIB$$9a62a73d==debug日志
2020-02-26 00:59:44.903==[restartedMain]==INFO ==c.e.d.Demo001Application$$EnhancerBySpringCGLIB$$9a62a73d==info日志
2020-02-26 00:59:44.903==[restartedMain]==WARN ==c.e.d.Demo001Application$$EnhancerBySpringCGLIB$$9a62a73d==warn日志
2020-02-26 00:59:44.903==[restartedMain]==ERROR==c.e.d.Demo001Application$$EnhancerBySpringCGLIB$$9a62a73d==error日志
2020-02-26 00:59:45.291==[restartedMain]==INFO ==o.s.scheduling.concurrent.ThreadPoolTaskExecutor==Initializing ExecutorService 'applicationTaskExecutor'
2020-02-26 00:59:45.495==[restartedMain]==INFO ==o.s.b.d.autoconfigure.OptionalLiveReloadServer==LiveReload server is running on port 35729
2020-02-26 00:59:45.501==[restartedMain]==INFO ==o.s.b.actuate.endpoint.web.EndpointLinksResolver==Exposing 2 endpoint(s) beneath base path '/actuator'
2020-02-26 00:59:45.562==[restartedMain]==INFO ==o.s.boot.web.embedded.tomcat.TomcatWebServer==Tomcat started on port(s): 8086 (http) with context path '/boot'
2020-02-26 00:59:45.568==[restartedMain]==INFO ==com.example.demo001.Demo001Application==Started Demo001Application in 4.022 seconds (JVM running for 6.561)
